  glad.c
  HorizonXEditor.cpp
C:\Program Files (x86)\Windows Kits\10\Include\10.0.18362.0\shared\minwindef.h(130,1): warning C4005: 'APIENTRY': macro redefinition
L:\HorizonX-Engine\HorizonX Engine\Include\GLFW\glfw3.h(123): message : see previous definition of 'APIENTRY'
  imgui.cpp
  imgui_demo.cpp
  imgui_draw.cpp
  imgui_impl_glfw.cpp
  imgui_impl_opengl3.cpp
  imgui_tables.cpp
  imgui_widgets.cpp
  Registry.cpp
  UIManager.cpp
  Viewport.cpp
L:\HorizonX-Engine\HorizonX Engine\HorizonXEditor\Viewport.cpp(46,139): warning C4244: 'argument': conversion from 'float' to 'GLsizei', possible loss of data
L:\HorizonX-Engine\HorizonX Engine\HorizonXEditor\Viewport.cpp(46,113): warning C4244: 'argument': conversion from 'float' to 'GLsizei', possible loss of data
L:\HorizonX-Engine\HorizonX Engine\HorizonXEditor\Viewport.cpp(46,87): warning C4244: 'argument': conversion from 'float' to 'GLint', possible loss of data
L:\HorizonX-Engine\HorizonX Engine\HorizonXEditor\Viewport.cpp(46,49): warning C4244: 'argument': conversion from 'float' to 'GLint', possible loss of data
     Creating library L:\HorizonX-Engine\HorizonX Engine\Build\Bin64\HorizonXEditor.lib and object L:\HorizonX-Engine\HorizonX Engine\Build\Bin64\HorizonXEditor.exp
  Generating code
  Previous IPDB was built with incompatible compiler, fall back to full compilation.
  All 1706 functions were compiled because no usable IPDB/IOBJ from previous compilation was found.
  Finished generating code
  HorizonXEditor.vcxproj -> L:\HorizonX-Engine\HorizonX Engine\Build\Bin64\HorizonXEditor.exe
