l:\horizonx-engine\horizonx engine\horizonxeditor\x64\debug\vc142.pdb
l:\horizonx-engine\horizonx engine\horizonxeditor\x64\debug\vc142.idb
l:\horizonx-engine\horizonx engine\horizonxeditor\x64\debug\glad.obj
l:\horizonx-engine\horizonx engine\horizonxeditor\x64\debug\viewport.obj
l:\horizonx-engine\horizonx engine\horizonxeditor\x64\debug\uimanager.obj
l:\horizonx-engine\horizonx engine\horizonxeditor\x64\debug\imgui_widgets.obj
l:\horizonx-engine\horizonx engine\horizonxeditor\x64\debug\imgui_tables.obj
l:\horizonx-engine\horizonx engine\horizonxeditor\x64\debug\imgui_impl_opengl3.obj
l:\horizonx-engine\horizonx engine\horizonxeditor\x64\debug\imgui_impl_glfw.obj
l:\horizonx-engine\horizonx engine\horizonxeditor\x64\debug\imgui_draw.obj
l:\horizonx-engine\horizonx engine\horizonxeditor\x64\debug\imgui_demo.obj
l:\horizonx-engine\horizonx engine\horizonxeditor\x64\debug\imgui.obj
l:\horizonx-engine\horizonx engine\horizonxeditor\x64\debug\horizonxeditor.obj
l:\horizonx-engine\horizonx engine\x64\debug\horizonxeditor.lib
l:\horizonx-engine\horizonx engine\x64\debug\horizonxeditor.exp
l:\horizonx-engine\horizonx engine\x64\debug\horizonxeditor.exe
l:\horizonx-engine\horizonx engine\x64\debug\horizonxeditor.ilk
l:\horizonx-engine\horizonx engine\x64\debug\horizonxeditor.pdb
l:\horizonx-engine\horizonx engine\horizonxeditor\x64\debug\horizonxeditor.tlog\cl.command.1.tlog
l:\horizonx-engine\horizonx engine\horizonxeditor\x64\debug\horizonxeditor.tlog\cl.read.1.tlog
l:\horizonx-engine\horizonx engine\horizonxeditor\x64\debug\horizonxeditor.tlog\cl.write.1.tlog
l:\horizonx-engine\horizonx engine\horizonxeditor\x64\debug\horizonxeditor.tlog\horizonxeditor.write.1u.tlog
l:\horizonx-engine\horizonx engine\horizonxeditor\x64\debug\horizonxeditor.tlog\link.command.1.tlog
l:\horizonx-engine\horizonx engine\horizonxeditor\x64\debug\horizonxeditor.tlog\link.read.1.tlog
l:\horizonx-engine\horizonx engine\horizonxeditor\x64\debug\horizonxeditor.tlog\link.write.1.tlog
