  Material.cpp
L:\HorizonX-Engine\HorizonX Engine\HorizonX Engine\Material.h(49,140): warning C4251: 'HX::Material::m_parameters': class 'std::map<const char *,std::variant<HX::Parameter<HX::Texture>,HX::Parameter<HX::Color>,HX::Parameter<float>,HX::Parameter<int>,HX::Parameter<bool>>,std::less<const char *>,std::allocator<std::pair<const char *const ,std::variant<HX::Parameter<HX::Texture>,HX::Parameter<HX::Color>,HX::Parameter<float>,HX::Parameter<int>,HX::Parameter<bool>>>>>' needs to have dll-interface to be used by clients of class 'HX::Material'
L:\HorizonX-Engine\HorizonX Engine\HorizonX Engine\Material.h(49): message : see declaration of 'std::map<const char *,std::variant<HX::Parameter<HX::Texture>,HX::Parameter<HX::Color>,HX::Parameter<float>,HX::Parameter<int>,HX::Parameter<bool>>,std::less<const char *>,std::allocator<std::pair<const char *const ,std::variant<HX::Parameter<HX::Texture>,HX::Parameter<HX::Color>,HX::Parameter<float>,HX::Parameter<int>,HX::Parameter<bool>>>>>'
C:\Program Files (x86)\Microsoft Visual Studio\2019\Community\VC\Tools\MSVC\14.28.29333\include\variant(1324,24): error C2338: get<T>(const variant<Types...>&) requires T to occur exactly once in Types. (N4835 [variant.get]/5)
L:\HorizonX-Engine\HorizonX Engine\HorizonX Engine\Material.cpp(32): message : see reference to function template instantiation 'decltype(auto) std::get<HX::Texture,HX::Parameter<HX::Texture>,HX::Parameter<HX::Color>,HX::Parameter<float>,HX::Parameter<int>,HX::Parameter<bool>>(const std::variant<HX::Parameter<HX::Texture>,HX::Parameter<HX::Color>,HX::Parameter<float>,HX::Parameter<int>,HX::Parameter<bool>> &)' being compiled
C:\Program Files (x86)\Microsoft Visual Studio\2019\Community\VC\Tools\MSVC\14.28.29333\include\variant(1286,24): error C2338: variant index out of bounds
C:\Program Files (x86)\Microsoft Visual Studio\2019\Community\VC\Tools\MSVC\14.28.29333\include\variant(1322): message : see reference to function template instantiation 'decltype(auto) std::get<18446744073709551615,HX::Parameter<HX::Texture>,HX::Parameter<HX::Color>,HX::Parameter<float>,HX::Parameter<int>,HX::Parameter<bool>>(const std::variant<HX::Parameter<HX::Texture>,HX::Parameter<HX::Color>,HX::Parameter<float>,HX::Parameter<int>,HX::Parameter<bool>> &)' being compiled
C:\Program Files (x86)\Microsoft Visual Studio\2019\Community\VC\Tools\MSVC\14.28.29333\include\variant(622,48): error C2039: '_Tail': is not a member of 'std::_Variant_storage_<true>'
C:\Program Files (x86)\Microsoft Visual Studio\2019\Community\VC\Tools\MSVC\14.28.29333\include\variant(449): message : see declaration of 'std::_Variant_storage_<true>'
C:\Program Files (x86)\Microsoft Visual Studio\2019\Community\VC\Tools\MSVC\14.28.29333\include\variant(1285): message : see reference to function template instantiation 'decltype(auto) std::_Variant_raw_get<18446744073709551615,const std::_Variant_storage_<true,HX::Parameter<HX::Texture>,HX::Parameter<HX::Color>,HX::Parameter<float>,HX::Parameter<int>,HX::Parameter<bool>>&>(_Storage) noexcept' being compiled
          with
          [
              _Storage=const std::_Variant_storage_<true,HX::Parameter<HX::Texture>,HX::Parameter<HX::Color>,HX::Parameter<float>,HX::Parameter<int>,HX::Parameter<bool>> &
          ]
C:\Program Files (x86)\Microsoft Visual Studio\2019\Community\VC\Tools\MSVC\14.28.29333\include\variant(620,16): error C2672: 'std::_Variant_raw_get': no matching overloaded function found
L:\HorizonX-Engine\HorizonX Engine\HorizonX Engine\Material.cpp(32,54): error C2440: 'initializing': cannot convert from 'void' to 'HX::Parameter<HX::Texture>'
L:\HorizonX-Engine\HorizonX Engine\HorizonX Engine\Material.cpp(32,30): message : Expressions of type void cannot be converted to other types
L:\HorizonX-Engine\HorizonX Engine\HorizonX Engine\Material.cpp(53,55): error C2664: 'void HX::Shader::SetColor(const std::string &,HX::Color)': cannot convert argument 2 from 'void' to 'HX::Color'
L:\HorizonX-Engine\HorizonX Engine\HorizonX Engine\Material.cpp(53,50): message : Expressions of type void cannot be converted to other types
L:\HorizonX-Engine\HorizonX Engine\HorizonX Engine\Shader.h(49,8): message : see declaration of 'HX::Shader::SetColor'
L:\HorizonX-Engine\HorizonX Engine\HorizonX Engine\Material.cpp(58,55): error C2664: 'void HX::Shader::SetFloat(const std::string &,float)': cannot convert argument 2 from 'void' to 'float'
L:\HorizonX-Engine\HorizonX Engine\HorizonX Engine\Material.cpp(58,50): message : Expressions of type void cannot be converted to other types
L:\HorizonX-Engine\HorizonX Engine\HorizonX Engine\Shader.h(47,8): message : see declaration of 'HX::Shader::SetFloat'
L:\HorizonX-Engine\HorizonX Engine\HorizonX Engine\Material.cpp(63,51): error C2664: 'void HX::Shader::SetInt(const std::string &,int)': cannot convert argument 2 from 'void' to 'int'
L:\HorizonX-Engine\HorizonX Engine\HorizonX Engine\Material.cpp(63,46): message : Expressions of type void cannot be converted to other types
L:\HorizonX-Engine\HorizonX Engine\HorizonX Engine\Shader.h(45,8): message : see declaration of 'HX::Shader::SetInt'
L:\HorizonX-Engine\HorizonX Engine\HorizonX Engine\Material.cpp(68,53): error C2664: 'void HX::Shader::SetBool(const std::string &,bool)': cannot convert argument 2 from 'void' to 'bool'
L:\HorizonX-Engine\HorizonX Engine\HorizonX Engine\Material.cpp(68,48): message : Expressions of type void cannot be converted to other types
L:\HorizonX-Engine\HorizonX Engine\HorizonX Engine\Shader.h(43,8): message : see declaration of 'HX::Shader::SetBool'
